[system][INFO] [2017-08-18 15:23:16] org.springframework.web.context.ContextLoader.initWebApplicationContext(304) | Root WebApplicationContext: initialization started
[system][INFO] [2017-08-18 15:23:16] org.springframework.context.support.AbstractApplicationContext.prepareRefresh(582) | Refreshing Root WebApplicationContext: startup date [Fri Aug 18 15:23:16 GMT+08:00 2017]; root of context hierarchy
[system][INFO] [2017-08-18 15:23:16] org.springframework.beans.factory.xml.XmlBeanDefinitionReader.loadBeanDefinitions(317) | Loading XML bean definitions from class path resource [spring-context.xml]
[system][INFO] [2017-08-18 15:23:17] org.springframework.beans.factory.xml.XmlBeanDefinitionReader.loadBeanDefinitions(317) | Loading XML bean definitions from class path resource [spring.xml]
[system][INFO] [2017-08-18 15:23:17] org.springframework.beans.factory.xml.XmlBeanDefinitionReader.loadBeanDefinitions(317) | Loading XML bean definitions from class path resource [spring-hibernate.xml]
[system][INFO] [2017-08-18 15:23:17] org.springframework.beans.factory.annotation.AutowiredAnnotationBeanPostProcessor.<init>(155) | JSR-330 'javax.inject.Inject' annotation found and supported for autowiring
[system][INFO] [2017-08-18 15:23:18] org.springframework.jdbc.datasource.DriverManagerDataSource.setDriverClassName(133) | Loaded JDBC driver: com.mysql.jdbc.Driver
[system][INFO] [2017-08-18 15:23:18] org.hibernate.annotations.common.reflection.java.JavaReflectionManager.<clinit>(66) | HCANN000001: Hibernate Commons Annotations {4.0.4.Final}
[system][INFO] [2017-08-18 15:23:18] org.hibernate.Version.logVersion(54) | HHH000412: Hibernate Core {4.3.5.Final}
[system][INFO] [2017-08-18 15:23:18] org.hibernate.cfg.Environment.<clinit>(239) | HHH000206: hibernate.properties not found
[system][INFO] [2017-08-18 15:23:18] org.hibernate.cfg.Environment.buildBytecodeProvider(346) | HHH000021: Bytecode provider name : javassist
[system][INFO] [2017-08-18 15:23:18] org.hibernate.dialect.Dialect.<init>(145) | HHH000400: Using dialect: org.hibernate.dialect.MySQLDialect
[system][INFO] [2017-08-18 15:23:19] org.hibernate.engine.transaction.internal.TransactionFactoryInitiator.initiateService(62) | HHH000399: Using default transaction strategy (direct JDBC transactions)
[system][INFO] [2017-08-18 15:23:19] org.hibernate.hql.internal.ast.ASTQueryTranslatorFactory.<init>(47) | HHH000397: Using ASTQueryTranslatorFactory
[system][INFO] [2017-08-18 15:23:19] org.hibernate.cache.spi.UpdateTimestampsCache.<init>(72) | HHH000250: Starting update timestamps cache at region: org.hibernate.cache.spi.UpdateTimestampsCache
[system][WARN] [2017-08-18 15:23:19] org.hibernate.cache.ehcache.AbstractEhcacheRegionFactory.getCache(179) | HHH020003: Could not find a specific ehcache configuration for cache named [org.hibernate.cache.spi.UpdateTimestampsCache]; using defaults.
[system][INFO] [2017-08-18 15:23:19] org.hibernate.cache.internal.StandardQueryCache.<init>(90) | HHH000248: Starting query cache at region: org.hibernate.cache.internal.StandardQueryCache
[system][WARN] [2017-08-18 15:23:19] org.hibernate.cache.ehcache.AbstractEhcacheRegionFactory.getCache(179) | HHH020003: Could not find a specific ehcache configuration for cache named [org.hibernate.cache.internal.StandardQueryCache]; using defaults.
[system][INFO] [2017-08-18 15:23:20] org.springframework.orm.hibernate4.HibernateTransactionManager.afterPropertiesSet(360) | Using DataSource [org.springframework.jdbc.datasource.DriverManagerDataSource@72204ec9] of Hibernate SessionFactory for HibernateTransactionManager
[system][INFO] [2017-08-18 15:23:20] org.springframework.context.support.DefaultLifecycleProcessor$LifecycleGroup.start(343) | Starting beans in phase 2147483647
[system][INFO] [2017-08-18 15:23:20] org.springframework.scheduling.annotation.ScheduledAnnotationBeanPostProcessor.finishRegistration(260) | No TaskScheduler/ScheduledExecutorService bean found for scheduled processing
[system][INFO] [2017-08-18 15:23:20] org.springframework.web.context.ContextLoader.initWebApplicationContext(344) | Root WebApplicationContext: initialization completed in 4197 ms
[system][INFO] [2017-08-18 15:23:21] org.springframework.web.servlet.FrameworkServlet.initServletBean(489) | FrameworkServlet 'spring-servlet': initialization started
[system][INFO] [2017-08-18 15:23:21] org.springframework.context.support.AbstractApplicationContext.prepareRefresh(582) | Refreshing WebApplicationContext for namespace 'spring-servlet-servlet': startup date [Fri Aug 18 15:23:21 GMT+08:00 2017]; parent: Root WebApplicationContext
[system][INFO] [2017-08-18 15:23:21] org.springframework.beans.factory.xml.XmlBeanDefinitionReader.loadBeanDefinitions(317) | Loading XML bean definitions from class path resource [spring-mvc.xml]
[system][INFO] [2017-08-18 15:23:21] org.springframework.beans.factory.annotation.AutowiredAnnotationBeanPostProcessor.<init>(155) | JSR-330 'javax.inject.Inject' annotation found and supported for autowiring
[system][INFO] [2017-08-18 15:23:22] org.springframework.web.servlet.handler.AbstractHandlerMethodMapping$MappingRegistry.register(543) | Mapped "{[/login/loginVlidate]}" onto public java.util.Map<java.lang.String, java.lang.Object> com.liyuan.controller.LoginController.login(javax.servlet.http.HttpServletRequest,javax.servlet.http.HttpServletResponse,java.lang.String,java.lang.String,java.lang.String)
[system][INFO] [2017-08-18 15:23:22] org.springframework.web.servlet.handler.AbstractHandlerMethodMapping$MappingRegistry.register(543) | Mapped "{[/login/toWelcome]}" onto public java.lang.String com.liyuan.controller.LoginController.toWelcome(javax.servlet.http.HttpServletRequest)
[system][INFO] [2017-08-18 15:23:22] org.springframework.web.servlet.handler.AbstractHandlerMethodMapping$MappingRegistry.register(543) | Mapped "{[/login/toLogin]}" onto public java.lang.String com.liyuan.controller.LoginController.toLoginPage()
[system][INFO] [2017-08-18 15:23:23] org.springframework.web.servlet.mvc.method.annotation.RequestMappingHandlerAdapter.initControllerAdviceCache(534) | Looking for @ControllerAdvice: WebApplicationContext for namespace 'spring-servlet-servlet': startup date [Fri Aug 18 15:23:21 GMT+08:00 2017]; parent: Root WebApplicationContext
[system][INFO] [2017-08-18 15:23:23] org.springframework.web.servlet.mvc.method.annotation.RequestMappingHandlerAdapter.initControllerAdviceCache(534) | Looking for @ControllerAdvice: WebApplicationContext for namespace 'spring-servlet-servlet': startup date [Fri Aug 18 15:23:21 GMT+08:00 2017]; parent: Root WebApplicationContext
[system][INFO] [2017-08-18 15:23:23] org.springframework.web.servlet.handler.AbstractUrlHandlerMapping.registerHandler(362) | Mapped URL path [/fonts/**] onto handler 'org.springframework.web.servlet.resource.ResourceHttpRequestHandler#0'
[system][INFO] [2017-08-18 15:23:23] org.springframework.web.servlet.handler.AbstractUrlHandlerMapping.registerHandler(362) | Mapped URL path [/js/**] onto handler 'org.springframework.web.servlet.resource.ResourceHttpRequestHandler#1'
[system][INFO] [2017-08-18 15:23:23] org.springframework.web.servlet.handler.AbstractUrlHandlerMapping.registerHandler(362) | Mapped URL path [/css/**] onto handler 'org.springframework.web.servlet.resource.ResourceHttpRequestHandler#2'
[system][INFO] [2017-08-18 15:23:23] org.springframework.web.servlet.handler.AbstractUrlHandlerMapping.registerHandler(362) | Mapped URL path [/img/**] onto handler 'org.springframework.web.servlet.resource.ResourceHttpRequestHandler#3'
[system][INFO] [2017-08-18 15:23:23] org.springframework.web.servlet.handler.AbstractUrlHandlerMapping.registerHandler(349) | Root mapping to handler of type [class org.springframework.web.servlet.mvc.ParameterizableViewController]
[system][INFO] [2017-08-18 15:23:23] org.springframework.web.servlet.FrameworkServlet.initServletBean(508) | FrameworkServlet 'spring-servlet': initialization completed in 2573 ms
[system][INFO] [2017-08-18 15:28:24] org.springframework.web.context.ContextLoader.initWebApplicationContext(304) | Root WebApplicationContext: initialization started
[system][INFO] [2017-08-18 15:28:24] org.springframework.context.support.AbstractApplicationContext.prepareRefresh(582) | Refreshing Root WebApplicationContext: startup date [Fri Aug 18 15:28:24 GMT+08:00 2017]; root of context hierarchy
[system][INFO] [2017-08-18 15:28:24] org.springframework.beans.factory.xml.XmlBeanDefinitionReader.loadBeanDefinitions(317) | Loading XML bean definitions from class path resource [spring-context.xml]
[system][INFO] [2017-08-18 15:28:24] org.springframework.beans.factory.xml.XmlBeanDefinitionReader.loadBeanDefinitions(317) | Loading XML bean definitions from class path resource [spring.xml]
[system][INFO] [2017-08-18 15:28:24] org.springframework.beans.factory.xml.XmlBeanDefinitionReader.loadBeanDefinitions(317) | Loading XML bean definitions from class path resource [spring-hibernate.xml]
[system][WARN] [2017-08-18 15:28:25] org.springframework.context.support.AbstractApplicationContext.refresh(550) | Exception encountered during context initialization - cancelling refresh attempt: org.springframework.beans.factory.BeanDefinitionStoreException: Invalid bean definition with name 'sessionFactory' defined in class path resource [spring-hibernate.xml]: Could not resolve placeholder 'hibernate.hbm2ddl.auto' in value "${hibernate.hbm2ddl.auto}"; nested exception is java.lang.IllegalArgumentException: Could not resolve placeholder 'hibernate.hbm2ddl.auto' in value "${hibernate.hbm2ddl.auto}"
[system][INFO] [2017-08-18 15:29:55] org.springframework.web.context.ContextLoader.initWebApplicationContext(304) | Root WebApplicationContext: initialization started
[system][INFO] [2017-08-18 15:29:55] org.springframework.context.support.AbstractApplicationContext.prepareRefresh(582) | Refreshing Root WebApplicationContext: startup date [Fri Aug 18 15:29:55 GMT+08:00 2017]; root of context hierarchy
[system][INFO] [2017-08-18 15:29:55] org.springframework.beans.factory.xml.XmlBeanDefinitionReader.loadBeanDefinitions(317) | Loading XML bean definitions from class path resource [spring-context.xml]
[system][INFO] [2017-08-18 15:29:56] org.springframework.beans.factory.xml.XmlBeanDefinitionReader.loadBeanDefinitions(317) | Loading XML bean definitions from class path resource [spring.xml]
[system][INFO] [2017-08-18 15:29:56] org.springframework.beans.factory.xml.XmlBeanDefinitionReader.loadBeanDefinitions(317) | Loading XML bean definitions from class path resource [spring-hibernate.xml]
[system][INFO] [2017-08-18 15:29:56] org.springframework.beans.factory.annotation.AutowiredAnnotationBeanPostProcessor.<init>(155) | JSR-330 'javax.inject.Inject' annotation found and supported for autowiring
[system][INFO] [2017-08-18 15:29:57] org.springframework.jdbc.datasource.DriverManagerDataSource.setDriverClassName(133) | Loaded JDBC driver: com.mysql.jdbc.Driver
[system][INFO] [2017-08-18 15:29:57] org.hibernate.annotations.common.reflection.java.JavaReflectionManager.<clinit>(66) | HCANN000001: Hibernate Commons Annotations {4.0.4.Final}
[system][INFO] [2017-08-18 15:29:57] org.hibernate.Version.logVersion(54) | HHH000412: Hibernate Core {4.3.5.Final}
[system][INFO] [2017-08-18 15:29:57] org.hibernate.cfg.Environment.<clinit>(239) | HHH000206: hibernate.properties not found
[system][INFO] [2017-08-18 15:29:57] org.hibernate.cfg.Environment.buildBytecodeProvider(346) | HHH000021: Bytecode provider name : javassist
[system][INFO] [2017-08-18 15:29:57] org.hibernate.dialect.Dialect.<init>(145) | HHH000400: Using dialect: org.hibernate.dialect.MySQLDialect
[system][INFO] [2017-08-18 15:29:58] org.hibernate.engine.transaction.internal.TransactionFactoryInitiator.initiateService(62) | HHH000399: Using default transaction strategy (direct JDBC transactions)
[system][INFO] [2017-08-18 15:29:58] org.hibernate.hql.internal.ast.ASTQueryTranslatorFactory.<init>(47) | HHH000397: Using ASTQueryTranslatorFactory
[system][INFO] [2017-08-18 15:29:58] org.hibernate.cache.spi.UpdateTimestampsCache.<init>(72) | HHH000250: Starting update timestamps cache at region: org.hibernate.cache.spi.UpdateTimestampsCache
[system][WARN] [2017-08-18 15:29:58] org.hibernate.cache.ehcache.AbstractEhcacheRegionFactory.getCache(179) | HHH020003: Could not find a specific ehcache configuration for cache named [org.hibernate.cache.spi.UpdateTimestampsCache]; using defaults.
[system][INFO] [2017-08-18 15:29:58] org.hibernate.cache.internal.StandardQueryCache.<init>(90) | HHH000248: Starting query cache at region: org.hibernate.cache.internal.StandardQueryCache
[system][WARN] [2017-08-18 15:29:58] org.hibernate.cache.ehcache.AbstractEhcacheRegionFactory.getCache(179) | HHH020003: Could not find a specific ehcache configuration for cache named [org.hibernate.cache.internal.StandardQueryCache]; using defaults.
[system][INFO] [2017-08-18 15:29:58] org.hibernate.tool.hbm2ddl.SchemaUpdate.execute(182) | HHH000228: Running hbm2ddl schema update
[system][INFO] [2017-08-18 15:29:58] org.hibernate.tool.hbm2ddl.SchemaUpdate.execute(193) | HHH000102: Fetching database metadata
[system][INFO] [2017-08-18 15:29:58] org.hibernate.tool.hbm2ddl.SchemaUpdate.execute(205) | HHH000396: Updating schema
[system][INFO] [2017-08-18 15:29:58] org.hibernate.tool.hbm2ddl.TableMetadata.<init>(66) | HHH000261: Table found: scnudbdev.sys_user
[system][INFO] [2017-08-18 15:29:58] org.hibernate.tool.hbm2ddl.TableMetadata.<init>(67) | HHH000037: Columns: [user_pw, last_update_ip, user_tel, user_name, attribute_10, delatedate, stu_id, last_updated_by, delete_date, id, org_name, user_photo, user_accent, email, last_update_date, attribute_05, attribute_06, attribute_07, attribute_08, attribute_09, creation_date, attribute_01, attribute_02, created_by, version, attribute_03, attribute_04, is_delete, delete_by, org_id, isdelate]
[system][INFO] [2017-08-18 15:29:58] org.hibernate.tool.hbm2ddl.TableMetadata.<init>(69) | HHH000108: Foreign keys: []
[system][INFO] [2017-08-18 15:29:58] org.hibernate.tool.hbm2ddl.TableMetadata.<init>(70) | HHH000126: Indexes: [primary]
[system][INFO] [2017-08-18 15:29:58] org.hibernate.tool.hbm2ddl.SchemaUpdate.execute(242) | HHH000232: Schema update complete
[system][INFO] [2017-08-18 15:29:58] org.springframework.orm.hibernate4.HibernateTransactionManager.afterPropertiesSet(360) | Using DataSource [org.springframework.jdbc.datasource.DriverManagerDataSource@30c3bbfd] of Hibernate SessionFactory for HibernateTransactionManager
[system][INFO] [2017-08-18 15:29:59] org.springframework.context.support.DefaultLifecycleProcessor$LifecycleGroup.start(343) | Starting beans in phase 2147483647
[system][INFO] [2017-08-18 15:29:59] org.springframework.scheduling.annotation.ScheduledAnnotationBeanPostProcessor.finishRegistration(260) | No TaskScheduler/ScheduledExecutorService bean found for scheduled processing
[system][INFO] [2017-08-18 15:29:59] org.springframework.web.context.ContextLoader.initWebApplicationContext(344) | Root WebApplicationContext: initialization completed in 4027 ms
[system][INFO] [2017-08-18 15:29:59] org.springframework.web.servlet.FrameworkServlet.initServletBean(489) | FrameworkServlet 'spring-servlet': initialization started
[system][INFO] [2017-08-18 15:29:59] org.springframework.context.support.AbstractApplicationContext.prepareRefresh(582) | Refreshing WebApplicationContext for namespace 'spring-servlet-servlet': startup date [Fri Aug 18 15:29:59 GMT+08:00 2017]; parent: Root WebApplicationContext
[system][INFO] [2017-08-18 15:29:59] org.springframework.beans.factory.xml.XmlBeanDefinitionReader.loadBeanDefinitions(317) | Loading XML bean definitions from class path resource [spring-mvc.xml]
[system][INFO] [2017-08-18 15:30:00] org.springframework.beans.factory.annotation.AutowiredAnnotationBeanPostProcessor.<init>(155) | JSR-330 'javax.inject.Inject' annotation found and supported for autowiring
[system][INFO] [2017-08-18 15:30:00] org.springframework.web.servlet.handler.AbstractHandlerMethodMapping$MappingRegistry.register(543) | Mapped "{[/login/loginVlidate]}" onto public java.util.Map<java.lang.String, java.lang.Object> com.liyuan.controller.LoginController.login(javax.servlet.http.HttpServletRequest,javax.servlet.http.HttpServletResponse,java.lang.String,java.lang.String,java.lang.String)
[system][INFO] [2017-08-18 15:30:00] org.springframework.web.servlet.handler.AbstractHandlerMethodMapping$MappingRegistry.register(543) | Mapped "{[/login/toLogin]}" onto public java.lang.String com.liyuan.controller.LoginController.toLoginPage()
[system][INFO] [2017-08-18 15:30:00] org.springframework.web.servlet.handler.AbstractHandlerMethodMapping$MappingRegistry.register(543) | Mapped "{[/login/toWelcome]}" onto public java.lang.String com.liyuan.controller.LoginController.toWelcome(javax.servlet.http.HttpServletRequest)
[system][INFO] [2017-08-18 15:30:02] org.springframework.web.servlet.mvc.method.annotation.RequestMappingHandlerAdapter.initControllerAdviceCache(534) | Looking for @ControllerAdvice: WebApplicationContext for namespace 'spring-servlet-servlet': startup date [Fri Aug 18 15:29:59 GMT+08:00 2017]; parent: Root WebApplicationContext
[system][INFO] [2017-08-18 15:30:02] org.springframework.web.servlet.mvc.method.annotation.RequestMappingHandlerAdapter.initControllerAdviceCache(534) | Looking for @ControllerAdvice: WebApplicationContext for namespace 'spring-servlet-servlet': startup date [Fri Aug 18 15:29:59 GMT+08:00 2017]; parent: Root WebApplicationContext
[system][INFO] [2017-08-18 15:30:02] org.springframework.web.servlet.handler.AbstractUrlHandlerMapping.registerHandler(362) | Mapped URL path [/fonts/**] onto handler 'org.springframework.web.servlet.resource.ResourceHttpRequestHandler#0'
[system][INFO] [2017-08-18 15:30:02] org.springframework.web.servlet.handler.AbstractUrlHandlerMapping.registerHandler(362) | Mapped URL path [/js/**] onto handler 'org.springframework.web.servlet.resource.ResourceHttpRequestHandler#1'
[system][INFO] [2017-08-18 15:30:02] org.springframework.web.servlet.handler.AbstractUrlHandlerMapping.registerHandler(362) | Mapped URL path [/css/**] onto handler 'org.springframework.web.servlet.resource.ResourceHttpRequestHandler#2'
[system][INFO] [2017-08-18 15:30:02] org.springframework.web.servlet.handler.AbstractUrlHandlerMapping.registerHandler(362) | Mapped URL path [/img/**] onto handler 'org.springframework.web.servlet.resource.ResourceHttpRequestHandler#3'
[system][INFO] [2017-08-18 15:30:02] org.springframework.web.servlet.handler.AbstractUrlHandlerMapping.registerHandler(349) | Root mapping to handler of type [class org.springframework.web.servlet.mvc.ParameterizableViewController]
[system][INFO] [2017-08-18 15:30:02] org.springframework.web.servlet.FrameworkServlet.initServletBean(508) | FrameworkServlet 'spring-servlet': initialization completed in 3083 ms
[system][INFO] [2017-08-18 15:30:49] org.springframework.web.context.ContextLoader.initWebApplicationContext(304) | Root WebApplicationContext: initialization started
[system][INFO] [2017-08-18 15:30:49] org.springframework.context.support.AbstractApplicationContext.prepareRefresh(582) | Refreshing Root WebApplicationContext: startup date [Fri Aug 18 15:30:49 GMT+08:00 2017]; root of context hierarchy
[system][INFO] [2017-08-18 15:30:49] org.springframework.beans.factory.xml.XmlBeanDefinitionReader.loadBeanDefinitions(317) | Loading XML bean definitions from class path resource [spring-context.xml]
[system][INFO] [2017-08-18 15:30:49] org.springframework.beans.factory.xml.XmlBeanDefinitionReader.loadBeanDefinitions(317) | Loading XML bean definitions from class path resource [spring.xml]
[system][INFO] [2017-08-18 15:30:49] org.springframework.beans.factory.xml.XmlBeanDefinitionReader.loadBeanDefinitions(317) | Loading XML bean definitions from class path resource [spring-hibernate.xml]
[system][INFO] [2017-08-18 15:30:50] org.springframework.beans.factory.annotation.AutowiredAnnotationBeanPostProcessor.<init>(155) | JSR-330 'javax.inject.Inject' annotation found and supported for autowiring
[system][INFO] [2017-08-18 15:30:50] org.springframework.jdbc.datasource.DriverManagerDataSource.setDriverClassName(133) | Loaded JDBC driver: com.mysql.jdbc.Driver
[system][INFO] [2017-08-18 15:30:50] org.hibernate.annotations.common.reflection.java.JavaReflectionManager.<clinit>(66) | HCANN000001: Hibernate Commons Annotations {4.0.4.Final}
[system][INFO] [2017-08-18 15:30:50] org.hibernate.Version.logVersion(54) | HHH000412: Hibernate Core {4.3.5.Final}
[system][INFO] [2017-08-18 15:30:50] org.hibernate.cfg.Environment.<clinit>(239) | HHH000206: hibernate.properties not found
[system][INFO] [2017-08-18 15:30:50] org.hibernate.cfg.Environment.buildBytecodeProvider(346) | HHH000021: Bytecode provider name : javassist
[system][INFO] [2017-08-18 15:30:51] org.hibernate.dialect.Dialect.<init>(145) | HHH000400: Using dialect: org.hibernate.dialect.MySQLDialect
[system][INFO] [2017-08-18 15:30:51] org.hibernate.engine.transaction.internal.TransactionFactoryInitiator.initiateService(62) | HHH000399: Using default transaction strategy (direct JDBC transactions)
[system][INFO] [2017-08-18 15:30:51] org.hibernate.hql.internal.ast.ASTQueryTranslatorFactory.<init>(47) | HHH000397: Using ASTQueryTranslatorFactory
[system][INFO] [2017-08-18 15:30:51] org.hibernate.cache.spi.UpdateTimestampsCache.<init>(72) | HHH000250: Starting update timestamps cache at region: org.hibernate.cache.spi.UpdateTimestampsCache
[system][WARN] [2017-08-18 15:30:51] org.hibernate.cache.ehcache.AbstractEhcacheRegionFactory.getCache(179) | HHH020003: Could not find a specific ehcache configuration for cache named [org.hibernate.cache.spi.UpdateTimestampsCache]; using defaults.
[system][INFO] [2017-08-18 15:30:51] org.hibernate.cache.internal.StandardQueryCache.<init>(90) | HHH000248: Starting query cache at region: org.hibernate.cache.internal.StandardQueryCache
[system][WARN] [2017-08-18 15:30:51] org.hibernate.cache.ehcache.AbstractEhcacheRegionFactory.getCache(179) | HHH020003: Could not find a specific ehcache configuration for cache named [org.hibernate.cache.internal.StandardQueryCache]; using defaults.
[system][INFO] [2017-08-18 15:30:52] org.hibernate.tool.hbm2ddl.SchemaUpdate.execute(182) | HHH000228: Running hbm2ddl schema update
[system][INFO] [2017-08-18 15:30:52] org.hibernate.tool.hbm2ddl.SchemaUpdate.execute(193) | HHH000102: Fetching database metadata
[system][INFO] [2017-08-18 15:30:52] org.hibernate.tool.hbm2ddl.SchemaUpdate.execute(205) | HHH000396: Updating schema
[system][INFO] [2017-08-18 15:30:52] org.hibernate.tool.hbm2ddl.DatabaseMetadata.getTableMetadata(147) | HHH000262: Table not found: sys_user
[system][INFO] [2017-08-18 15:30:52] org.hibernate.tool.hbm2ddl.DatabaseMetadata.getTableMetadata(147) | HHH000262: Table not found: sys_user
[system][INFO] [2017-08-18 15:30:52] org.hibernate.tool.hbm2ddl.DatabaseMetadata.getTableMetadata(147) | HHH000262: Table not found: sys_user
[system][INFO] [2017-08-18 15:30:52] org.hibernate.tool.hbm2ddl.SchemaUpdate.execute(242) | HHH000232: Schema update complete
[system][INFO] [2017-08-18 15:30:52] org.springframework.orm.hibernate4.HibernateTransactionManager.afterPropertiesSet(360) | Using DataSource [org.springframework.jdbc.datasource.DriverManagerDataSource@54d5bf3f] of Hibernate SessionFactory for HibernateTransactionManager
[system][INFO] [2017-08-18 15:30:53] org.springframework.context.support.DefaultLifecycleProcessor$LifecycleGroup.start(343) | Starting beans in phase 2147483647
[system][INFO] [2017-08-18 15:30:53] org.springframework.scheduling.annotation.ScheduledAnnotationBeanPostProcessor.finishRegistration(260) | No TaskScheduler/ScheduledExecutorService bean found for scheduled processing
[system][INFO] [2017-08-18 15:30:53] org.springframework.web.context.ContextLoader.initWebApplicationContext(344) | Root WebApplicationContext: initialization completed in 4602 ms
[system][INFO] [2017-08-18 15:30:54] org.springframework.web.servlet.FrameworkServlet.initServletBean(489) | FrameworkServlet 'spring-servlet': initialization started
[system][INFO] [2017-08-18 15:30:54] org.springframework.context.support.AbstractApplicationContext.prepareRefresh(582) | Refreshing WebApplicationContext for namespace 'spring-servlet-servlet': startup date [Fri Aug 18 15:30:54 GMT+08:00 2017]; parent: Root WebApplicationContext
[system][INFO] [2017-08-18 15:30:54] org.springframework.beans.factory.xml.XmlBeanDefinitionReader.loadBeanDefinitions(317) | Loading XML bean definitions from class path resource [spring-mvc.xml]
[system][INFO] [2017-08-18 15:30:54] org.springframework.beans.factory.annotation.AutowiredAnnotationBeanPostProcessor.<init>(155) | JSR-330 'javax.inject.Inject' annotation found and supported for autowiring
[system][INFO] [2017-08-18 15:30:54] org.springframework.web.servlet.handler.AbstractHandlerMethodMapping$MappingRegistry.register(543) | Mapped "{[/login/loginVlidate]}" onto public java.util.Map<java.lang.String, java.lang.Object> com.liyuan.controller.LoginController.login(javax.servlet.http.HttpServletRequest,javax.servlet.http.HttpServletResponse,java.lang.String,java.lang.String,java.lang.String)
[system][INFO] [2017-08-18 15:30:54] org.springframework.web.servlet.handler.AbstractHandlerMethodMapping$MappingRegistry.register(543) | Mapped "{[/login/toWelcome]}" onto public java.lang.String com.liyuan.controller.LoginController.toWelcome(javax.servlet.http.HttpServletRequest)
[system][INFO] [2017-08-18 15:30:54] org.springframework.web.servlet.handler.AbstractHandlerMethodMapping$MappingRegistry.register(543) | Mapped "{[/login/toLogin]}" onto public java.lang.String com.liyuan.controller.LoginController.toLoginPage()
[system][INFO] [2017-08-18 15:30:55] org.springframework.web.servlet.mvc.method.annotation.RequestMappingHandlerAdapter.initControllerAdviceCache(534) | Looking for @ControllerAdvice: WebApplicationContext for namespace 'spring-servlet-servlet': startup date [Fri Aug 18 15:30:54 GMT+08:00 2017]; parent: Root WebApplicationContext
[system][INFO] [2017-08-18 15:30:55] org.springframework.web.servlet.mvc.method.annotation.RequestMappingHandlerAdapter.initControllerAdviceCache(534) | Looking for @ControllerAdvice: WebApplicationContext for namespace 'spring-servlet-servlet': startup date [Fri Aug 18 15:30:54 GMT+08:00 2017]; parent: Root WebApplicationContext
[system][INFO] [2017-08-18 15:30:56] org.springframework.web.servlet.handler.AbstractUrlHandlerMapping.registerHandler(362) | Mapped URL path [/fonts/**] onto handler 'org.springframework.web.servlet.resource.ResourceHttpRequestHandler#0'
[system][INFO] [2017-08-18 15:30:56] org.springframework.web.servlet.handler.AbstractUrlHandlerMapping.registerHandler(362) | Mapped URL path [/js/**] onto handler 'org.springframework.web.servlet.resource.ResourceHttpRequestHandler#1'
[system][INFO] [2017-08-18 15:30:56] org.springframework.web.servlet.handler.AbstractUrlHandlerMapping.registerHandler(362) | Mapped URL path [/css/**] onto handler 'org.springframework.web.servlet.resource.ResourceHttpRequestHandler#2'
[system][INFO] [2017-08-18 15:30:56] org.springframework.web.servlet.handler.AbstractUrlHandlerMapping.registerHandler(362) | Mapped URL path [/img/**] onto handler 'org.springframework.web.servlet.resource.ResourceHttpRequestHandler#3'
[system][INFO] [2017-08-18 15:30:56] org.springframework.web.servlet.handler.AbstractUrlHandlerMapping.registerHandler(349) | Root mapping to handler of type [class org.springframework.web.servlet.mvc.ParameterizableViewController]
[system][INFO] [2017-08-18 15:30:56] org.springframework.web.servlet.FrameworkServlet.initServletBean(508) | FrameworkServlet 'spring-servlet': initialization completed in 2511 ms
